<?xml version="1.0" encoding="UTF-8"?>
<testsuite xmlns:xsi="http://www.w3.org/2001/XMLSchema-instance" xsi:noNamespaceSchemaLocation="https://maven.apache.org/surefire/maven-surefire-plugin/xsd/surefire-test-report-3.0.xsd" version="3.0" name="runner.TestRunner" time="5.895" tests="4" errors="0" skipped="0" failures="0">
  <properties>
[...]
</properties>
  <testcase name="Cadastro bem-sucedido de entrega" classname="Cadastro de nova entrega" time="2.488">
    <system-out><![CDATA[Configuração global antes de todos os testes.
Ambiente inicializado.
Iniciando um novo cenário de teste...
Dados preparados para o cenário de teste.
Finalizando o cenário de teste...
Dados limpos após o cenário de teste.
]]></system-out>
  </testcase>
  <testcase name="Cadastro de entrega sem sucesso ao passar o campo statusEntrega invalido" classname="Cadastro de nova entrega" time="0.733">
    <system-out><![CDATA[Iniciando um novo cenário de teste...
Dados preparados para o cenário de teste.
Finalizando o cenário de teste...
Dados limpos após o cenário de teste.
]]></system-out>
  </testcase>
  <testcase name="Deve ser possivel deletar uma entrega" classname="Deletar uma entrega" time="1.33">
    <system-out><![CDATA[Iniciando um novo cenário de teste...
Dados preparados para o cenário de teste.
Finalizando o cenário de teste...
Dados limpos após o cenário de teste.
]]></system-out>
  </testcase>
  <testcase name="Validar contrato do cadastro bem-sucedido de entrega" classname="Validar o contrato ao realizar um cadastro bem-sucedido de entrega" time="0.776">
    <system-out><![CDATA[Iniciando um novo cenário de teste...
Dados preparados para o cenário de teste.
Finalizando o cenário de teste...
Dados limpos após o cenário de teste.
]]></system-out>
    <system-err><![CDATA[SLF4J(W): No SLF4J providers were found.
SLF4J(W): Defaulting to no-operation (NOP) logger implementation
SLF4J(W): See https://www.slf4j.org/codes.html#noProviders for further details.
]]></system-err>
  </testcase>
</testsuite>